PUT /api/genres/3 200 28 - 8.312 ms
PUT /api/genres/3 400 41 - 0.715 ms
GET / 200 25 - 0.715 ms
GET /api/genres/1 200 7 - 0.578 ms
GET /api/genres 200 85 - 0.450 ms
GET /api/genres 200 85 - 2.536 ms
GET /css/main.css 404 151 - 3.453 ms
GET /css/main.css 404 151 - 2.728 ms
GET /css/main.css 404 151 - 3.814 ms
POST /api/genres/2 404 152 - 0.567 ms
GET / 200 25 - 4.703 ms
GET / 200 25 - 0.803 ms
GET / 200 25 - 0.315 ms
GET /api/genres 200 85 - 1.092 ms
POST /api/genres 400 25 - 11.918 ms
POST /api/genres 200 40 - 2.524 ms
POST /api/genres 400 41 - 1.329 ms
GET /api/genres 200 126 - 0.876 ms
PUT /api/genres/2 400 20 - 2.179 ms
PUT /api/genres/2 200 31 - 1.400 ms
PUT /api/genres/2 400 41 - 0.481 ms
PUT /api/genres/2 200 31 - 9.889 ms
PUT /api/genres/2 400 30 - 1.023 ms
PUT /api/genres/2 400 30 - 0.493 ms
GET /api/genres 200 90 - 0.560 ms
PUT /api/genres/10 404 35 - 0.788 ms
PUT /api/genres/1 400 30 - 0.604 ms
PUT /api/genres/1 400 30 - 0.354 ms
DELETE /api/genres/10 404 35 - 4.006 ms
DELETE /api/genres/2 200 26 - 1.215 ms
DELETE /api/genres/2 404 35 - 0.650 ms
DELETE /api/genres/2 404 35 - 0.522 ms
GET /api/genres 200 58 - 0.887 ms
POST /api/genres 200 40 - 8.549 ms
GET /api/genres 200 99 - 0.479 ms
